[2026-04-21 06:49:53] Serveur SysWatch démarré sur le port 7878
[2026-04-21 06:56:20] Serveur SysWatch démarré sur le port 7878
[2026-04-21 06:56:59] Connexion de 127.0.0.1:54656
[2026-04-21 06:56:59] 127.0.0.1:54656 >> get /processes http/1.1
[2026-04-21 06:56:59] 127.0.0.1:54656 >> host: localhost:7878
[2026-04-21 06:56:59] Déconnexion de 127.0.0.1:54656
[2026-04-21 06:58:29] Connexion de 127.0.0.1:54689
[2026-04-21 06:58:29] 127.0.0.1:54689 >> get /processes http/1.1
[2026-04-21 06:58:29] 127.0.0.1:54689 >> host: localhost:7878
[2026-04-21 06:58:29] 127.0.0.1:54689 >> user-agent: mozilla/5.0 (windows nt 10.0; microsoft windows 10.0.22000; fr-fr) powershell/7.6.0
[2026-04-21 06:58:29] 127.0.0.1:54689 >> accept-encoding: gzip, deflate, br
[2026-04-21 06:58:29] 127.0.0.1:54689 >> 
[2026-04-21 06:58:29] Déconnexion de 127.0.0.1:54689
[2026-04-21 07:03:40] Serveur SysWatch (HTTP) démarré sur le port 7878
[2026-04-21 07:04:15] Connexion HTTP de 127.0.0.1:54775
[2026-04-21 07:04:15] Déconnexion HTTP de 127.0.0.1:54775
[2026-04-21 07:04:28] Connexion HTTP de 127.0.0.1:54776
[2026-04-21 07:04:28] Déconnexion HTTP de 127.0.0.1:54776
[2026-04-21 07:34:21] Serveur SysWatch démarré sur le port 7878
[2026-04-21 07:37:50] Connexion de 127.0.0.1:55188
[2026-04-21 07:37:50] 127.0.0.1:55188 >> help
[2026-04-21 07:39:26] Connexion de 127.0.0.1:55207
[2026-04-21 07:39:26] 127.0.0.1:55207 >> get /processes http/1.1
[2026-04-21 07:39:26] 127.0.0.1:55207 >> host: localhost:7878
[2026-04-21 07:39:26] Déconnexion de 127.0.0.1:55207
[2026-04-21 07:39:47] Connexion de 127.0.0.1:55208
[2026-04-21 07:39:47] 127.0.0.1:55208 >> get /processes http/1.1
[2026-04-21 07:39:47] 127.0.0.1:55208 >> host: localhost:7878
[2026-04-21 07:39:47] Déconnexion de 127.0.0.1:55208
[2026-04-21 07:40:48] Connexion de 127.0.0.1:55222
[2026-04-21 07:42:06] 127.0.0.1:55222 >> help
[2026-04-21 07:55:52] Déconnexion de 127.0.0.1:55188
[2026-04-21 07:55:52] Déconnexion de 127.0.0.1:55222
[2026-04-21 08:24:55] SysWatch écoute sur 0.0.0.0:7878
[2026-04-21 08:24:56] Collecteur de métriques démarré (intervalle : 5 s)
[2026-04-21 08:27:32] Connexion : 127.0.0.1:56012
[2026-04-21 08:29:22] Commande de 127.0.0.1:56012 : all
[2026-04-21 08:50:48] Déconnexion : 127.0.0.1:56012
[2026-04-21 08:52:29] SysWatch écoute sur 0.0.0.0:7878
[2026-04-21 08:52:29] Collecteur de métriques démarré (intervalle : 5 s)
[2026-04-21 09:13:50] Métriques initiales collectées avec succès
[2026-04-21 09:13:50] Serveur en écoute sur 0.0.0.0:7878
[2026-04-21 09:13:55] [refresh] Métriques mises à jour
[2026-04-21 09:14:01] [refresh] Métriques mises à jour
[2026-04-21 09:14:07] [refresh] Métriques mises à jour
[2026-04-21 09:14:12] [refresh] Métriques mises à jour
[2026-04-21 09:14:18] [refresh] Métriques mises à jour
[2026-04-21 09:14:23] [refresh] Métriques mises à jour
[2026-04-21 09:14:29] [refresh] Métriques mises à jour
[2026-04-21 09:14:35] [refresh] Métriques mises à jour
[2026-04-21 09:14:40] [refresh] Métriques mises à jour
[2026-04-21 09:14:46] [refresh] Métriques mises à jour
[2026-04-21 09:14:52] [refresh] Métriques mises à jour
[2026-04-21 09:14:57] [refresh] Métriques mises à jour
[2026-04-21 09:15:03] [refresh] Métriques mises à jour
[2026-04-21 09:15:08] [refresh] Métriques mises à jour
[2026-04-21 09:15:14] [refresh] Métriques mises à jour
[2026-04-21 09:15:20] [refresh] Métriques mises à jour
[2026-04-21 09:15:26] [refresh] Métriques mises à jour
[2026-04-21 09:15:31] [refresh] Métriques mises à jour
[2026-04-21 09:15:31] [+] Connexion de 127.0.0.1:56627
[2026-04-21 09:15:32] [127.0.0.1:56627] commande: 'cpu'
[2026-04-21 09:15:37] [refresh] Métriques mises à jour
[2026-04-21 09:15:42] [refresh] Métriques mises à jour
[2026-04-21 09:15:48] [refresh] Métriques mises à jour
[2026-04-21 09:15:54] [refresh] Métriques mises à jour
[2026-04-21 09:15:59] [refresh] Métriques mises à jour
[2026-04-21 09:16:05] [refresh] Métriques mises à jour
[2026-04-21 09:16:10] [refresh] Métriques mises à jour
[2026-04-21 09:16:16] [refresh] Métriques mises à jour
[2026-04-21 09:16:22] [refresh] Métriques mises à jour
[2026-04-21 09:16:27] [refresh] Métriques mises à jour
[2026-04-21 09:16:33] [refresh] Métriques mises à jour
[2026-04-21 09:16:39] [refresh] Métriques mises à jour
[2026-04-21 09:16:44] [refresh] Métriques mises à jour
[2026-04-21 09:16:50] [refresh] Métriques mises à jour
[2026-04-21 09:16:55] [refresh] Métriques mises à jour
[2026-04-21 09:17:01] [refresh] Métriques mises à jour
[2026-04-21 09:17:07] [refresh] Métriques mises à jour
[2026-04-21 09:17:12] [refresh] Métriques mises à jour
[2026-04-21 09:17:18] [refresh] Métriques mises à jour
[2026-04-21 09:17:24] [refresh] Métriques mises à jour
[2026-04-21 09:17:29] [refresh] Métriques mises à jour
[2026-04-21 09:17:35] [refresh] Métriques mises à jour
[2026-04-21 09:17:40] [refresh] Métriques mises à jour
[2026-04-21 09:17:46] [refresh] Métriques mises à jour
[2026-04-21 09:17:52] [refresh] Métriques mises à jour
[2026-04-21 09:17:57] [refresh] Métriques mises à jour
[2026-04-21 09:18:33] Métriques initiales collectées avec succès
[2026-04-21 09:18:33] Serveur en écoute sur 0.0.0.0:7878
[2026-04-21 09:18:39] [refresh] Métriques mises à jour
[2026-04-21 09:18:45] [refresh] Métriques mises à jour
[2026-04-21 09:18:50] [refresh] Métriques mises à jour
[2026-04-21 09:18:56] [refresh] Métriques mises à jour
[2026-04-21 09:19:01] [refresh] Métriques mises à jour
[2026-04-21 09:19:07] [refresh] Métriques mises à jour
[2026-04-21 09:19:13] [refresh] Métriques mises à jour
[2026-04-21 09:19:19] [refresh] Métriques mises à jour
[2026-04-21 09:19:24] [refresh] Métriques mises à jour
[2026-04-21 09:19:30] [refresh] Métriques mises à jour
[2026-04-21 09:19:35] [refresh] Métriques mises à jour
[2026-04-21 09:19:41] [refresh] Métriques mises à jour
[2026-04-21 09:19:47] [refresh] Métriques mises à jour
[2026-04-21 09:19:52] [refresh] Métriques mises à jour
[2026-04-21 09:19:58] [refresh] Métriques mises à jour
[2026-04-21 09:20:03] [refresh] Métriques mises à jour
[2026-04-21 09:20:09] [refresh] Métriques mises à jour
[2026-04-21 09:20:15] [refresh] Métriques mises à jour
[2026-04-21 09:20:20] [refresh] Métriques mises à jour
[2026-04-21 09:20:26] [refresh] Métriques mises à jour
[2026-04-21 09:20:32] [refresh] Métriques mises à jour
[2026-04-21 09:20:37] [refresh] Métriques mises à jour
[2026-04-21 09:20:43] [refresh] Métriques mises à jour
[2026-04-21 09:20:48] [refresh] Métriques mises à jour
[2026-04-21 09:20:54] [refresh] Métriques mises à jour
[2026-04-21 09:21:00] [refresh] Métriques mises à jour
[2026-04-21 09:21:05] [refresh] Métriques mises à jour
[2026-04-21 09:21:11] [refresh] Métriques mises à jour
[2026-04-21 09:21:16] [refresh] Métriques mises à jour
[2026-04-21 09:21:21] [+] Connexion de 127.0.0.1:56700
[2026-04-21 09:21:22] [refresh] Métriques mises à jour
[2026-04-21 09:21:28] [refresh] Métriques mises à jour
[2026-04-21 09:21:34] [refresh] Métriques mises à jour
[2026-04-21 09:21:39] [refresh] Métriques mises à jour
[2026-04-21 09:21:45] [refresh] Métriques mises à jour
[2026-04-21 09:21:50] [refresh] Métriques mises à jour
[2026-04-21 09:21:56] [refresh] Métriques mises à jour
[2026-04-21 09:22:02] [refresh] Métriques mises à jour
[2026-04-21 09:22:07] [refresh] Métriques mises à jour
[2026-04-21 09:22:13] [refresh] Métriques mises à jour
[2026-04-21 09:22:18] [refresh] Métriques mises à jour
[2026-04-21 09:22:24] [refresh] Métriques mises à jour
[2026-04-21 09:22:29] [127.0.0.1:56700] commande: 'help'
[2026-04-21 09:22:30] [refresh] Métriques mises à jour
[2026-04-21 09:22:35] [refresh] Métriques mises à jour
[2026-04-21 09:22:41] [refresh] Métriques mises à jour
[2026-04-21 09:22:47] [refresh] Métriques mises à jour
[2026-04-21 09:22:52] [refresh] Métriques mises à jour
[2026-04-21 09:22:58] [refresh] Métriques mises à jour
[2026-04-21 09:23:04] [refresh] Métriques mises à jour
[2026-04-21 09:23:09] [refresh] Métriques mises à jour
[2026-04-21 09:23:15] [refresh] Métriques mises à jour
[2026-04-21 09:23:21] [refresh] Métriques mises à jour
[2026-04-21 09:23:26] [refresh] Métriques mises à jour
[2026-04-21 09:23:32] [refresh] Métriques mises à jour
[2026-04-21 09:23:38] [refresh] Métriques mises à jour
[2026-04-21 09:23:43] [refresh] Métriques mises à jour
[2026-04-21 09:23:49] [refresh] Métriques mises à jour
[2026-04-21 09:23:54] [refresh] Métriques mises à jour
[2026-04-21 09:24:00] [refresh] Métriques mises à jour
[2026-04-21 09:24:06] [refresh] Métriques mises à jour
[2026-04-21 09:24:11] [refresh] Métriques mises à jour
[2026-04-21 09:24:17] [refresh] Métriques mises à jour
[2026-04-21 09:24:22] [refresh] Métriques mises à jour
[2026-04-21 09:24:28] [refresh] Métriques mises à jour
[2026-04-21 09:24:34] [refresh] Métriques mises à jour
[2026-04-21 09:24:39] [refresh] Métriques mises à jour
[2026-04-21 09:24:45] [refresh] Métriques mises à jour
[2026-04-21 09:24:51] [refresh] Métriques mises à jour
[2026-04-21 09:24:56] [refresh] Métriques mises à jour
[2026-04-21 09:25:02] [refresh] Métriques mises à jour
[2026-04-21 09:25:08] [refresh] Métriques mises à jour
[2026-04-21 09:25:13] [refresh] Métriques mises à jour
[2026-04-21 09:25:19] [refresh] Métriques mises à jour
[2026-04-21 09:25:24] [refresh] Métriques mises à jour
[2026-04-21 09:25:30] [refresh] Métriques mises à jour
[2026-04-21 09:25:36] [refresh] Métriques mises à jour
[2026-04-21 09:25:41] [refresh] Métriques mises à jour
[2026-04-21 09:25:47] [refresh] Métriques mises à jour
[2026-04-21 09:25:52] [refresh] Métriques mises à jour
[2026-04-21 09:25:58] [refresh] Métriques mises à jour
[2026-04-21 09:26:04] [refresh] Métriques mises à jour
[2026-04-21 09:26:09] [refresh] Métriques mises à jour
[2026-04-21 09:26:15] [refresh] Métriques mises à jour
[2026-04-21 09:26:21] [refresh] Métriques mises à jour
[2026-04-21 09:26:26] [refresh] Métriques mises à jour
[2026-04-21 09:26:32] [refresh] Métriques mises à jour
[2026-04-21 09:26:37] [refresh] Métriques mises à jour
[2026-04-21 09:26:43] [refresh] Métriques mises à jour
[2026-04-21 09:26:49] [refresh] Métriques mises à jour
[2026-04-21 09:26:54] [refresh] Métriques mises à jour
[2026-04-21 09:27:00] [refresh] Métriques mises à jour
[2026-04-21 09:27:06] [refresh] Métriques mises à jour
[2026-04-21 09:27:11] [refresh] Métriques mises à jour
[2026-04-21 09:27:17] [refresh] Métriques mises à jour
[2026-04-21 09:27:22] [refresh] Métriques mises à jour
[2026-04-21 09:27:28] [refresh] Métriques mises à jour
[2026-04-21 09:27:34] [refresh] Métriques mises à jour
[2026-04-21 09:27:39] [refresh] Métriques mises à jour
[2026-04-21 09:27:45] [refresh] Métriques mises à jour
[2026-04-21 09:27:51] [refresh] Métriques mises à jour
[2026-04-21 09:27:56] [refresh] Métriques mises à jour
[2026-04-21 09:28:02] [refresh] Métriques mises à jour
[2026-04-21 09:28:07] [refresh] Métriques mises à jour
[2026-04-21 09:28:13] [refresh] Métriques mises à jour
[2026-04-21 09:28:19] [refresh] Métriques mises à jour
[2026-04-21 09:28:24] [refresh] Métriques mises à jour
[2026-04-21 09:28:30] [refresh] Métriques mises à jour
[2026-04-21 09:28:36] [refresh] Métriques mises à jour
[2026-04-21 09:28:41] [refresh] Métriques mises à jour
[2026-04-21 09:28:47] [refresh] Métriques mises à jour
[2026-04-21 09:28:52] [refresh] Métriques mises à jour
[2026-04-21 09:28:58] [refresh] Métriques mises à jour
[2026-04-21 09:29:04] [refresh] Métriques mises à jour
[2026-04-21 09:29:09] [refresh] Métriques mises à jour
[2026-04-21 09:29:15] [refresh] Métriques mises à jour
[2026-04-21 09:29:20] [refresh] Métriques mises à jour
[2026-04-21 09:29:26] [refresh] Métriques mises à jour
[2026-04-21 09:29:32] [refresh] Métriques mises à jour
[2026-04-21 09:29:37] [refresh] Métriques mises à jour
[2026-04-21 09:29:43] [refresh] Métriques mises à jour
[2026-04-21 09:29:48] [refresh] Métriques mises à jour
[2026-04-21 09:29:54] [refresh] Métriques mises à jour
[2026-04-21 09:32:25] Métriques initiales collectées avec succès
[2026-04-21 09:32:25] Serveur en écoute sur 0.0.0.0:7878
[2026-04-21 09:32:31] [refresh] Métriques mises à jour
[2026-04-21 09:32:37] [refresh] Métriques mises à jour
[2026-04-21 09:32:42] [refresh] Métriques mises à jour
[2026-04-21 09:32:48] [refresh] Métriques mises à jour
[2026-04-21 09:32:54] [refresh] Métriques mises à jour
[2026-04-21 09:32:59] [refresh] Métriques mises à jour
[2026-04-21 09:33:05] [refresh] Métriques mises à jour
[2026-04-21 09:33:07] [+] Connexion de 127.0.0.1:56891
[2026-04-21 09:33:10] [refresh] Métriques mises à jour
[2026-04-21 09:33:16] [refresh] Métriques mises à jour
[2026-04-21 09:33:22] [refresh] Métriques mises à jour
[2026-04-21 09:33:27] [refresh] Métriques mises à jour
[2026-04-21 09:33:33] [refresh] Métriques mises à jour
[2026-04-21 09:33:38] [refresh] Métriques mises à jour
[2026-04-21 09:33:44] [refresh] Métriques mises à jour
[2026-04-21 09:33:50] [refresh] Métriques mises à jour
[2026-04-21 09:33:55] [refresh] Métriques mises à jour
[2026-04-21 09:34:01] [refresh] Métriques mises à jour
[2026-04-21 09:34:05] [127.0.0.1:56891] commande: 'cpu'
[2026-04-21 09:34:06] [refresh] Métriques mises à jour
[2026-04-21 09:34:12] [refresh] Métriques mises à jour
[2026-04-21 09:34:18] [refresh] Métriques mises à jour
[2026-04-21 09:34:23] [refresh] Métriques mises à jour
[2026-04-21 09:34:29] [refresh] Métriques mises à jour
[2026-04-21 09:34:34] [refresh] Métriques mises à jour
[2026-04-21 09:34:40] [refresh] Métriques mises à jour
[2026-04-21 09:34:46] [refresh] Métriques mises à jour
[2026-04-21 09:34:51] [refresh] Métriques mises à jour
[2026-04-21 09:34:57] [refresh] Métriques mises à jour
[2026-04-21 09:35:03] [refresh] Métriques mises à jour
[2026-04-21 09:35:09] [refresh] Métriques mises à jour
[2026-04-21 09:35:14] [refresh] Métriques mises à jour
[2026-04-21 09:35:20] [refresh] Métriques mises à jour
[2026-04-21 09:35:25] [refresh] Métriques mises à jour
[2026-04-21 09:35:31] [refresh] Métriques mises à jour
[2026-04-21 09:35:37] [refresh] Métriques mises à jour
[2026-04-21 09:35:42] [refresh] Métriques mises à jour
[2026-04-21 09:35:48] [refresh] Métriques mises à jour
[2026-04-21 09:35:54] [refresh] Métriques mises à jour
[2026-04-21 09:35:59] [refresh] Métriques mises à jour
[2026-04-21 09:36:05] [refresh] Métriques mises à jour
[2026-04-21 09:36:10] [refresh] Métriques mises à jour
[2026-04-21 09:36:16] [refresh] Métriques mises à jour
[2026-04-21 09:36:22] [refresh] Métriques mises à jour
[2026-04-21 09:36:27] [refresh] Métriques mises à jour
[2026-04-21 09:36:33] [refresh] Métriques mises à jour
[2026-04-21 09:36:38] [refresh] Métriques mises à jour
[2026-04-21 09:36:44] [refresh] Métriques mises à jour
[2026-04-21 09:36:50] [refresh] Métriques mises à jour
[2026-04-21 09:36:55] [refresh] Métriques mises à jour
[2026-04-21 09:36:59] [-] Déconnexion de 127.0.0.1:56891
[2026-04-21 09:37:01] [refresh] Métriques mises à jour
[2026-04-21 09:37:06] [refresh] Métriques mises à jour
[2026-04-21 09:37:35] Métriques initiales collectées avec succès
[2026-04-21 09:37:35] Serveur en écoute sur 0.0.0.0:7878
[2026-04-21 09:37:41] [refresh] Métriques mises à jour
[2026-04-21 09:37:47] [refresh] Métriques mises à jour
[2026-04-21 09:37:52] [refresh] Métriques mises à jour
[2026-04-21 09:37:58] [refresh] Métriques mises à jour
[2026-04-21 09:38:03] [refresh] Métriques mises à jour
[2026-04-21 09:38:08] [+] Connexion de 127.0.0.1:56948
[2026-04-21 09:38:09] [refresh] Métriques mises à jour
[2026-04-21 09:38:15] [refresh] Métriques mises à jour
[2026-04-21 09:38:20] [refresh] Métriques mises à jour
[2026-04-21 09:38:26] [refresh] Métriques mises à jour
[2026-04-21 09:38:32] [refresh] Métriques mises à jour
[2026-04-21 09:38:36] [127.0.0.1:56948] commande: 'cpu'
[2026-04-21 09:38:37] [refresh] Métriques mises à jour
[2026-04-21 09:38:43] [refresh] Métriques mises à jour
[2026-04-21 09:38:48] [refresh] Métriques mises à jour
[2026-04-21 09:38:50] [127.0.0.1:56948] commande: 'mem'
[2026-04-21 09:38:54] [refresh] Métriques mises à jour
[2026-04-21 09:39:00] [refresh] Métriques mises à jour
[2026-04-21 09:39:05] [refresh] Métriques mises à jour
[2026-04-21 09:39:08] [127.0.0.1:56948] commande: 'ps'
[2026-04-21 09:39:11] [refresh] Métriques mises à jour
[2026-04-21 09:39:17] [refresh] Métriques mises à jour
[2026-04-21 09:39:21] [127.0.0.1:56948] commande: 'quit'
[2026-04-21 09:39:21] [-] Déconnexion de 127.0.0.1:56948
[2026-04-21 09:39:22] [refresh] Métriques mises à jour
[2026-04-21 09:39:28] [refresh] Métriques mises à jour
[2026-04-21 09:39:33] [refresh] Métriques mises à jour
[2026-04-21 09:39:39] [refresh] Métriques mises à jour
[2026-04-21 09:39:45] [refresh] Métriques mises à jour
[2026-04-21 09:39:50] [refresh] Métriques mises à jour
[2026-04-21 09:39:56] [refresh] Métriques mises à jour
[2026-04-21 09:40:02] [refresh] Métriques mises à jour
[2026-04-21 09:40:07] [refresh] Métriques mises à jour
[2026-04-21 09:40:13] [refresh] Métriques mises à jour
[2026-04-21 09:40:18] [refresh] Métriques mises à jour
[2026-04-21 09:40:24] [refresh] Métriques mises à jour
[2026-04-21 09:40:30] [refresh] Métriques mises à jour
[2026-04-21 09:40:35] [refresh] Métriques mises à jour
[2026-04-21 09:40:41] [refresh] Métriques mises à jour
[2026-04-21 09:40:46] [refresh] Métriques mises à jour
[2026-04-21 09:40:52] [refresh] Métriques mises à jour
[2026-04-21 09:40:58] [refresh] Métriques mises à jour
[2026-04-21 09:41:03] [refresh] Métriques mises à jour
[2026-04-21 09:41:09] [refresh] Métriques mises à jour
[2026-04-21 09:41:15] [refresh] Métriques mises à jour
[2026-04-21 09:41:20] [refresh] Métriques mises à jour
[2026-04-21 09:41:26] [refresh] Métriques mises à jour
[2026-04-21 09:41:32] [refresh] Métriques mises à jour
[2026-04-21 09:41:38] [refresh] Métriques mises à jour
[2026-04-21 09:41:43] [refresh] Métriques mises à jour
[2026-04-21 09:41:49] [refresh] Métriques mises à jour
[2026-04-21 09:41:54] [refresh] Métriques mises à jour
[2026-04-21 09:42:00] [refresh] Métriques mises à jour
[2026-04-21 09:42:06] [refresh] Métriques mises à jour
[2026-04-21 09:42:11] [refresh] Métriques mises à jour
[2026-04-21 09:42:17] [refresh] Métriques mises à jour
[2026-04-21 09:42:22] [refresh] Métriques mises à jour
[2026-04-21 09:42:28] [refresh] Métriques mises à jour
[2026-04-21 09:42:34] [refresh] Métriques mises à jour
[2026-04-21 09:42:39] [refresh] Métriques mises à jour
[2026-04-21 09:42:45] [refresh] Métriques mises à jour
[2026-04-21 09:42:51] [refresh] Métriques mises à jour
[2026-04-21 09:42:56] [refresh] Métriques mises à jour
[2026-04-21 09:43:02] [refresh] Métriques mises à jour
[2026-04-21 09:43:08] [refresh] Métriques mises à jour
[2026-04-21 09:43:13] [refresh] Métriques mises à jour
[2026-04-21 09:43:19] [refresh] Métriques mises à jour
[2026-04-21 09:43:24] [refresh] Métriques mises à jour
[2026-04-21 09:43:30] [refresh] Métriques mises à jour
[2026-04-21 09:43:36] [refresh] Métriques mises à jour
[2026-04-21 09:43:41] [refresh] Métriques mises à jour
[2026-04-21 09:43:47] [refresh] Métriques mises à jour
[2026-04-21 09:43:53] [refresh] Métriques mises à jour
[2026-04-21 09:43:58] [refresh] Métriques mises à jour
[2026-04-21 09:44:04] [refresh] Métriques mises à jour
[2026-04-21 09:44:10] [refresh] Métriques mises à jour
[2026-04-21 09:44:15] [refresh] Métriques mises à jour
[2026-04-21 09:44:21] [refresh] Métriques mises à jour
[2026-04-21 09:44:27] [refresh] Métriques mises à jour
[2026-04-21 09:44:32] [refresh] Métriques mises à jour
[2026-04-21 09:44:38] [refresh] Métriques mises à jour
[2026-04-21 09:44:43] [refresh] Métriques mises à jour
[2026-04-21 09:44:49] [refresh] Métriques mises à jour
[2026-04-21 09:44:55] [refresh] Métriques mises à jour
[2026-04-21 09:45:00] [refresh] Métriques mises à jour
[2026-04-21 09:45:06] [refresh] Métriques mises à jour
[2026-04-21 09:45:11] [refresh] Métriques mises à jour
[2026-04-21 09:45:17] [refresh] Métriques mises à jour
[2026-04-21 09:45:23] [refresh] Métriques mises à jour
[2026-04-21 09:45:28] [refresh] Métriques mises à jour
[2026-04-21 09:45:34] [refresh] Métriques mises à jour
[2026-04-21 09:45:39] [refresh] Métriques mises à jour
[2026-04-21 09:45:45] [refresh] Métriques mises à jour
[2026-04-21 09:45:50] [refresh] Métriques mises à jour
[2026-04-21 09:45:56] [refresh] Métriques mises à jour
[2026-04-21 09:46:02] [refresh] Métriques mises à jour
[2026-04-21 09:46:07] [refresh] Métriques mises à jour
[2026-04-21 09:46:13] [refresh] Métriques mises à jour
[2026-04-21 09:46:18] [refresh] Métriques mises à jour
[2026-04-21 09:46:24] [refresh] Métriques mises à jour
[2026-04-21 09:46:30] [refresh] Métriques mises à jour
[2026-04-21 09:46:35] [refresh] Métriques mises à jour
[2026-04-21 09:46:41] [refresh] Métriques mises à jour
[2026-04-21 09:46:46] [refresh] Métriques mises à jour
[2026-04-21 09:46:52] [refresh] Métriques mises à jour
[2026-04-21 09:46:58] [refresh] Métriques mises à jour
[2026-04-21 09:47:03] [refresh] Métriques mises à jour
[2026-04-21 09:47:09] [refresh] Métriques mises à jour
[2026-04-21 09:47:14] [refresh] Métriques mises à jour
[2026-04-21 09:47:20] [refresh] Métriques mises à jour
[2026-04-21 09:47:26] [refresh] Métriques mises à jour
[2026-04-21 09:47:31] [refresh] Métriques mises à jour
[2026-04-22 12:12:26] Métriques initiales collectées avec succès
[2026-04-22 12:12:26] Serveur en écoute sur 0.0.0.0:7878
[2026-04-22 12:12:31] [refresh] Métriques mises à jour
[2026-04-22 12:12:37] [refresh] Métriques mises à jour
[2026-04-22 12:12:43] [refresh] Métriques mises à jour
[2026-04-22 12:12:48] [refresh] Métriques mises à jour
[2026-04-22 12:12:54] [refresh] Métriques mises à jour
[2026-04-22 12:12:59] [refresh] Métriques mises à jour
[2026-04-22 12:13:05] [refresh] Métriques mises à jour
[2026-04-22 12:13:11] [refresh] Métriques mises à jour
[2026-04-22 12:13:16] [refresh] Métriques mises à jour
[2026-04-22 12:13:22] [refresh] Métriques mises à jour
[2026-04-22 12:13:27] [refresh] Métriques mises à jour
[2026-04-22 12:13:33] [refresh] Métriques mises à jour
[2026-04-22 12:13:38] [refresh] Métriques mises à jour
[2026-04-22 12:13:44] [refresh] Métriques mises à jour
[2026-04-22 12:13:50] [refresh] Métriques mises à jour
[2026-04-22 12:13:55] [refresh] Métriques mises à jour
[2026-04-22 12:14:01] [refresh] Métriques mises à jour
[2026-04-22 12:14:07] [refresh] Métriques mises à jour
[2026-04-22 12:14:12] [refresh] Métriques mises à jour
[2026-04-22 12:14:18] [refresh] Métriques mises à jour
[2026-04-22 12:14:23] [refresh] Métriques mises à jour
[2026-04-22 12:14:29] [refresh] Métriques mises à jour
[2026-04-22 12:14:34] [refresh] Métriques mises à jour
[2026-04-22 12:14:40] [refresh] Métriques mises à jour
[2026-04-22 12:14:46] [refresh] Métriques mises à jour
[2026-04-22 12:14:51] [refresh] Métriques mises à jour
[2026-04-22 12:14:57] [refresh] Métriques mises à jour
[2026-04-22 12:15:02] [refresh] Métriques mises à jour
[2026-04-22 12:15:08] [refresh] Métriques mises à jour
[2026-04-22 12:15:13] [refresh] Métriques mises à jour
[2026-04-22 12:15:19] [refresh] Métriques mises à jour
[2026-04-22 12:15:21] [+] Connexion de 127.0.0.1:65043
[2026-04-22 12:15:25] [refresh] Métriques mises à jour
[2026-04-22 12:15:30] [refresh] Métriques mises à jour
[2026-04-22 12:15:36] [refresh] Métriques mises à jour
[2026-04-22 12:15:41] [refresh] Métriques mises à jour
[2026-04-22 12:15:47] [refresh] Métriques mises à jour
[2026-04-22 12:15:53] [refresh] Métriques mises à jour
[2026-04-22 12:15:58] [refresh] Métriques mises à jour
[2026-04-22 12:16:04] [refresh] Métriques mises à jour
[2026-04-22 12:16:09] [refresh] Métriques mises à jour
[2026-04-22 12:16:15] [refresh] Métriques mises à jour
[2026-04-22 12:16:20] [refresh] Métriques mises à jour
[2026-04-22 12:16:26] [refresh] Métriques mises à jour
[2026-04-22 12:16:32] [refresh] Métriques mises à jour
[2026-04-22 12:16:37] [refresh] Métriques mises à jour
[2026-04-22 12:16:43] [refresh] Métriques mises à jour
[2026-04-22 12:16:48] [refresh] Métriques mises à jour
[2026-04-22 12:16:54] [refresh] Métriques mises à jour
[2026-04-22 12:16:59] [refresh] Métriques mises à jour
[2026-04-22 12:17:05] [refresh] Métriques mises à jour
[2026-04-22 12:17:11] [refresh] Métriques mises à jour
[2026-04-22 12:17:16] [refresh] Métriques mises à jour
[2026-04-22 12:17:22] [refresh] Métriques mises à jour
[2026-04-22 12:17:27] [refresh] Métriques mises à jour
[2026-04-22 12:17:33] [refresh] Métriques mises à jour
[2026-04-22 12:17:39] [refresh] Métriques mises à jour
[2026-04-22 12:17:44] [refresh] Métriques mises à jour
[2026-04-22 12:17:50] [refresh] Métriques mises à jour
[2026-04-22 12:17:55] [refresh] Métriques mises à jour
[2026-04-22 12:18:01] [refresh] Métriques mises à jour
[2026-04-22 12:18:06] [refresh] Métriques mises à jour
[2026-04-22 12:18:12] [refresh] Métriques mises à jour
[2026-04-22 12:18:18] [refresh] Métriques mises à jour
[2026-04-22 12:18:23] [refresh] Métriques mises à jour
[2026-04-22 12:18:29] [refresh] Métriques mises à jour
[2026-04-22 12:18:34] [refresh] Métriques mises à jour
[2026-04-22 12:18:40] [refresh] Métriques mises à jour
[2026-04-22 12:18:45] [refresh] Métriques mises à jour
[2026-04-22 12:18:51] [refresh] Métriques mises à jour
[2026-04-22 12:18:56] [refresh] Métriques mises à jour
[2026-04-22 12:19:02] [refresh] Métriques mises à jour
[2026-04-22 12:19:08] [refresh] Métriques mises à jour
[2026-04-22 12:19:13] [refresh] Métriques mises à jour
[2026-04-22 12:19:19] [refresh] Métriques mises à jour
[2026-04-22 12:19:24] [refresh] Métriques mises à jour
[2026-04-22 12:19:30] [refresh] Métriques mises à jour
[2026-04-22 12:19:36] [refresh] Métriques mises à jour
[2026-04-22 12:19:41] [refresh] Métriques mises à jour
[2026-04-22 12:19:47] [refresh] Métriques mises à jour
[2026-04-22 12:19:52] [refresh] Métriques mises à jour
[2026-04-22 12:19:58] [refresh] Métriques mises à jour
[2026-04-22 12:20:03] [refresh] Métriques mises à jour
[2026-04-22 12:20:09] [refresh] Métriques mises à jour
[2026-04-22 12:20:15] [refresh] Métriques mises à jour
[2026-04-22 12:20:20] [refresh] Métriques mises à jour
[2026-04-22 12:20:26] [refresh] Métriques mises à jour
[2026-04-22 12:20:31] [refresh] Métriques mises à jour
[2026-04-22 12:20:37] [refresh] Métriques mises à jour
[2026-04-22 12:20:43] [refresh] Métriques mises à jour
[2026-04-22 12:20:48] [refresh] Métriques mises à jour
[2026-04-22 12:20:54] [refresh] Métriques mises à jour
[2026-04-22 12:20:59] [refresh] Métriques mises à jour
[2026-04-22 12:21:05] [refresh] Métriques mises à jour
[2026-04-22 12:21:11] [refresh] Métriques mises à jour
[2026-04-22 12:21:16] [refresh] Métriques mises à jour
[2026-04-22 12:21:22] [refresh] Métriques mises à jour
[2026-04-22 12:21:27] [refresh] Métriques mises à jour
[2026-04-22 12:21:33] [refresh] Métriques mises à jour
[2026-04-22 12:21:39] [refresh] Métriques mises à jour
[2026-04-22 12:21:44] [refresh] Métriques mises à jour
[2026-04-22 12:21:50] [refresh] Métriques mises à jour
[2026-04-22 12:21:55] [refresh] Métriques mises à jour
[2026-04-22 12:22:01] [refresh] Métriques mises à jour
[2026-04-22 12:22:07] [refresh] Métriques mises à jour
[2026-04-22 12:22:12] [refresh] Métriques mises à jour
[2026-04-22 12:22:18] [refresh] Métriques mises à jour
[2026-04-22 12:22:23] [refresh] Métriques mises à jour
[2026-04-22 12:22:29] [refresh] Métriques mises à jour
[2026-04-22 12:22:35] [refresh] Métriques mises à jour
[2026-04-22 12:22:40] [refresh] Métriques mises à jour
[2026-04-22 12:22:46] [refresh] Métriques mises à jour
[2026-04-22 12:22:51] [refresh] Métriques mises à jour
[2026-04-22 12:22:57] [refresh] Métriques mises à jour
[2026-04-22 12:23:03] [refresh] Métriques mises à jour
[2026-04-22 12:23:08] [refresh] Métriques mises à jour
[2026-04-22 12:23:14] [refresh] Métriques mises à jour
[2026-04-22 12:23:19] [refresh] Métriques mises à jour
[2026-04-22 12:23:25] [refresh] Métriques mises à jour
[2026-04-22 12:23:31] [refresh] Métriques mises à jour
[2026-04-22 12:23:36] [refresh] Métriques mises à jour
[2026-04-22 12:23:42] [refresh] Métriques mises à jour
[2026-04-22 12:23:47] [refresh] Métriques mises à jour
[2026-04-22 12:23:53] [refresh] Métriques mises à jour
[2026-04-22 12:23:58] [refresh] Métriques mises à jour
[2026-04-22 12:24:04] [refresh] Métriques mises à jour
[2026-04-22 12:24:10] [refresh] Métriques mises à jour
[2026-04-22 12:24:15] [refresh] Métriques mises à jour
[2026-04-22 12:24:21] [refresh] Métriques mises à jour
[2026-04-22 12:24:26] [refresh] Métriques mises à jour
[2026-04-22 12:24:32] [refresh] Métriques mises à jour
[2026-04-22 12:24:38] [refresh] Métriques mises à jour
[2026-04-22 12:24:43] [refresh] Métriques mises à jour
[2026-04-22 12:24:49] [refresh] Métriques mises à jour
[2026-04-22 12:24:54] [refresh] Métriques mises à jour
[2026-04-22 12:25:00] [refresh] Métriques mises à jour
[2026-04-22 12:25:06] [refresh] Métriques mises à jour
[2026-04-22 12:25:11] [refresh] Métriques mises à jour
[2026-04-22 12:25:17] [refresh] Métriques mises à jour
[2026-04-22 12:25:22] [refresh] Métriques mises à jour
[2026-04-22 12:25:28] [refresh] Métriques mises à jour
[2026-04-22 12:25:34] [refresh] Métriques mises à jour
[2026-04-22 12:25:39] [refresh] Métriques mises à jour
[2026-04-22 12:25:45] [refresh] Métriques mises à jour
[2026-04-22 12:25:50] [refresh] Métriques mises à jour
[2026-04-22 12:25:56] [refresh] Métriques mises à jour
[2026-04-22 12:26:02] [refresh] Métriques mises à jour
[2026-04-22 12:26:07] [refresh] Métriques mises à jour
[2026-04-22 12:26:13] [refresh] Métriques mises à jour
[2026-04-22 12:26:18] [refresh] Métriques mises à jour
[2026-04-22 12:26:24] [refresh] Métriques mises à jour
[2026-04-22 12:26:30] [refresh] Métriques mises à jour
[2026-04-22 12:26:35] [refresh] Métriques mises à jour
[2026-04-22 12:26:41] [refresh] Métriques mises à jour
[2026-04-22 12:26:46] [refresh] Métriques mises à jour
[2026-04-22 12:26:52] [refresh] Métriques mises à jour
[2026-04-22 12:26:57] [refresh] Métriques mises à jour
[2026-04-22 12:27:03] [refresh] Métriques mises à jour
[2026-04-22 12:27:09] [refresh] Métriques mises à jour
[2026-04-22 12:27:14] [refresh] Métriques mises à jour
[2026-04-22 12:27:20] [refresh] Métriques mises à jour
[2026-04-22 12:27:25] [refresh] Métriques mises à jour
[2026-04-22 12:27:31] [refresh] Métriques mises à jour
[2026-04-22 12:27:37] [refresh] Métriques mises à jour
[2026-04-22 12:27:42] [refresh] Métriques mises à jour
[2026-04-22 12:27:48] [refresh] Métriques mises à jour
[2026-04-22 12:27:53] [refresh] Métriques mises à jour
[2026-04-22 12:27:59] [refresh] Métriques mises à jour
[2026-04-22 12:28:05] [refresh] Métriques mises à jour
[2026-04-22 12:28:10] [refresh] Métriques mises à jour
[2026-04-22 12:28:16] [refresh] Métriques mises à jour
[2026-04-22 12:28:21] [refresh] Métriques mises à jour
[2026-04-22 12:28:27] [refresh] Métriques mises à jour
[2026-04-22 12:28:33] [refresh] Métriques mises à jour
[2026-04-22 12:28:38] [refresh] Métriques mises à jour
[2026-04-22 12:28:44] [refresh] Métriques mises à jour
[2026-04-22 12:28:49] [refresh] Métriques mises à jour
[2026-04-22 12:28:55] [refresh] Métriques mises à jour
[2026-04-22 12:29:01] [refresh] Métriques mises à jour
[2026-04-22 12:29:06] [refresh] Métriques mises à jour
[2026-04-22 12:29:12] [refresh] Métriques mises à jour
[2026-04-22 12:29:17] [refresh] Métriques mises à jour
[2026-04-22 12:29:23] [refresh] Métriques mises à jour
[2026-04-22 12:29:29] [refresh] Métriques mises à jour
[2026-04-22 12:29:34] [refresh] Métriques mises à jour
[2026-04-22 12:29:40] [refresh] Métriques mises à jour
[2026-04-22 12:29:45] [refresh] Métriques mises à jour
[2026-04-22 12:29:51] [refresh] Métriques mises à jour
[2026-04-22 12:29:57] [refresh] Métriques mises à jour
[2026-04-22 12:30:02] [refresh] Métriques mises à jour
[2026-04-22 12:30:08] [refresh] Métriques mises à jour
[2026-04-22 12:30:13] [refresh] Métriques mises à jour
[2026-04-22 12:30:19] [refresh] Métriques mises à jour
[2026-04-22 12:30:25] [refresh] Métriques mises à jour
[2026-04-22 12:30:30] [refresh] Métriques mises à jour
[2026-04-22 12:30:36] [refresh] Métriques mises à jour
[2026-04-22 12:30:41] [refresh] Métriques mises à jour
[2026-04-22 12:30:47] [refresh] Métriques mises à jour
[2026-04-22 12:30:53] [refresh] Métriques mises à jour
[2026-04-22 12:30:58] [refresh] Métriques mises à jour
[2026-04-22 12:31:04] [refresh] Métriques mises à jour
[2026-04-22 12:31:09] [refresh] Métriques mises à jour
[2026-04-22 12:31:15] [refresh] Métriques mises à jour
[2026-04-22 12:31:21] [refresh] Métriques mises à jour
[2026-04-22 12:31:26] [refresh] Métriques mises à jour
[2026-04-22 12:31:32] [refresh] Métriques mises à jour
[2026-04-22 12:31:37] [refresh] Métriques mises à jour
[2026-04-22 12:31:43] [refresh] Métriques mises à jour
[2026-04-22 12:31:49] [refresh] Métriques mises à jour
[2026-04-22 12:31:54] [refresh] Métriques mises à jour
[2026-04-22 12:32:00] [refresh] Métriques mises à jour
[2026-04-22 12:32:05] [refresh] Métriques mises à jour
[2026-04-22 12:32:11] [refresh] Métriques mises à jour
[2026-04-22 12:32:17] [refresh] Métriques mises à jour
[2026-04-22 12:32:22] [refresh] Métriques mises à jour
[2026-04-22 12:32:28] [refresh] Métriques mises à jour
[2026-04-22 12:32:33] [refresh] Métriques mises à jour
[2026-04-22 12:32:39] [refresh] Métriques mises à jour
[2026-04-22 12:32:45] [refresh] Métriques mises à jour
[2026-04-22 12:32:50] [refresh] Métriques mises à jour
[2026-04-22 12:32:56] [refresh] Métriques mises à jour
[2026-04-22 12:33:01] [refresh] Métriques mises à jour
[2026-04-22 12:33:07] [refresh] Métriques mises à jour
[2026-04-22 12:33:12] [refresh] Métriques mises à jour
[2026-04-22 12:33:18] [refresh] Métriques mises à jour
[2026-04-22 12:33:24] [refresh] Métriques mises à jour
[2026-04-22 12:33:29] [refresh] Métriques mises à jour
[2026-04-22 12:33:35] [refresh] Métriques mises à jour
[2026-04-22 12:33:40] [refresh] Métriques mises à jour
[2026-04-22 12:33:46] [refresh] Métriques mises à jour
[2026-04-22 12:33:52] [refresh] Métriques mises à jour
[2026-04-22 12:33:57] [refresh] Métriques mises à jour
[2026-04-22 12:34:03] [refresh] Métriques mises à jour
[2026-04-22 12:34:08] [refresh] Métriques mises à jour
[2026-04-22 12:34:14] [refresh] Métriques mises à jour
[2026-04-22 12:34:20] [refresh] Métriques mises à jour
[2026-04-22 12:34:25] [refresh] Métriques mises à jour
[2026-04-22 12:34:31] [refresh] Métriques mises à jour
[2026-04-22 12:34:36] [refresh] Métriques mises à jour
[2026-04-22 12:34:42] [refresh] Métriques mises à jour
[2026-04-22 12:34:48] [refresh] Métriques mises à jour
[2026-04-22 12:34:53] [refresh] Métriques mises à jour
[2026-04-22 12:34:59] [refresh] Métriques mises à jour
[2026-04-22 12:35:04] [refresh] Métriques mises à jour
[2026-04-22 12:35:10] [refresh] Métriques mises à jour
[2026-04-22 12:35:16] [refresh] Métriques mises à jour
[2026-04-22 12:35:21] [refresh] Métriques mises à jour
[2026-04-22 12:35:27] [refresh] Métriques mises à jour
[2026-04-22 12:35:32] [refresh] Métriques mises à jour
[2026-04-22 12:35:38] [refresh] Métriques mises à jour
[2026-04-22 12:35:44] [refresh] Métriques mises à jour
[2026-04-22 12:35:49] [refresh] Métriques mises à jour
[2026-04-22 12:35:55] [refresh] Métriques mises à jour
[2026-04-22 12:36:00] [refresh] Métriques mises à jour
[2026-04-22 12:36:06] [refresh] Métriques mises à jour
[2026-04-22 12:36:12] [refresh] Métriques mises à jour
[2026-04-22 12:36:17] [refresh] Métriques mises à jour
[2026-04-22 12:36:23] [refresh] Métriques mises à jour
[2026-04-22 12:36:28] [refresh] Métriques mises à jour
[2026-04-22 12:36:34] [refresh] Métriques mises à jour
[2026-04-22 12:36:39] [refresh] Métriques mises à jour
[2026-04-22 12:36:45] [refresh] Métriques mises à jour
[2026-04-22 12:36:51] [refresh] Métriques mises à jour
[2026-04-22 12:36:56] [refresh] Métriques mises à jour
[2026-04-22 12:37:02] [refresh] Métriques mises à jour
[2026-04-22 12:37:07] [refresh] Métriques mises à jour
[2026-04-22 12:37:13] [refresh] Métriques mises à jour
[2026-04-22 12:37:19] [refresh] Métriques mises à jour
[2026-04-22 12:37:24] [refresh] Métriques mises à jour
[2026-04-22 12:37:30] [refresh] Métriques mises à jour
[2026-04-22 12:37:35] [refresh] Métriques mises à jour
[2026-04-22 12:37:41] [refresh] Métriques mises à jour
[2026-04-22 12:37:47] [refresh] Métriques mises à jour
[2026-04-22 12:37:52] [refresh] Métriques mises à jour
[2026-04-22 12:37:58] [refresh] Métriques mises à jour
[2026-04-22 12:38:03] [refresh] Métriques mises à jour
[2026-04-22 12:38:09] [refresh] Métriques mises à jour
[2026-04-22 12:38:15] [refresh] Métriques mises à jour
[2026-04-22 12:38:20] [refresh] Métriques mises à jour
[2026-04-22 12:38:26] [refresh] Métriques mises à jour
[2026-04-22 12:38:31] [refresh] Métriques mises à jour
[2026-04-22 12:38:37] [refresh] Métriques mises à jour
[2026-04-22 12:38:43] [refresh] Métriques mises à jour
[2026-04-22 12:38:48] [refresh] Métriques mises à jour
[2026-04-22 12:38:54] [refresh] Métriques mises à jour
[2026-04-22 12:38:59] [refresh] Métriques mises à jour
[2026-04-22 12:39:05] [refresh] Métriques mises à jour
[2026-04-22 12:39:11] [refresh] Métriques mises à jour
[2026-04-22 12:39:16] [refresh] Métriques mises à jour
[2026-04-22 12:39:22] [refresh] Métriques mises à jour
[2026-04-22 12:39:27] [refresh] Métriques mises à jour
[2026-04-22 12:39:33] [refresh] Métriques mises à jour
[2026-04-22 12:39:39] [refresh] Métriques mises à jour
[2026-04-22 12:39:44] [refresh] Métriques mises à jour
[2026-04-22 12:39:50] [refresh] Métriques mises à jour
[2026-04-22 12:39:55] [refresh] Métriques mises à jour
